<?xml version="1.0" encoding="UTF-8"?>
<!-- Generated by org.testng.reporters.JUnitReportReporter -->
<testsuite hostname="G001LTRV" name="com.test.testngtest.testngbasics" tests="1" failures="0" timestamp="15 Sep 2020 14:39:44 GMT" time="10.580" errors="0">
  <testcase name="navigate" time="10.580" classname="com.test.testngtest.testngbasics"/>
</testsuite> <!-- com.test.testngtest.testngbasics -->
